<?xml version="1.0" encoding="UTF-8" ?>
<testsuites>
  <testsuite errors="0" failures="0" hostname="dluksarin05871" id="0" name="ProductServiceSpec" package="com.wm" tests="1" time="1.102" timestamp="2013-04-29T06:34:23">
      <properties />

      <testcase classname="com.wm.ProductServiceSpec" name="searchByProductType () should return &apos;#count&apos; results for query &apos;#query&apos;" time="1.092" />

      <system-out><![CDATA[--Output from searchByProductType () should return '#count' results for query '#query'--
]]></system-out>

      <system-err><![CDATA[--Output from searchByProductType () should return '#count' results for query '#query'--
]]></system-err>

  </testsuite>
  <testsuite errors="0" failures="0" hostname="dluksarin05871" id="1" name="ProductControllerTests" package="com.wm" tests="2" time="2.325" timestamp="2013-04-29T06:34:19">
      <properties />

      <testcase classname="com.wm.ProductControllerTests" name="testSearchProductbyProductType" time="1.96" />

      <testcase classname="com.wm.ProductControllerTests" name="testCreateProductService" time="0.248" />

      <system-out><![CDATA[--Output from testSearchProductbyProductType--
--Output from testCreateProductService--
]]></system-out>

      <system-err><![CDATA[--Output from testSearchProductbyProductType--
--Output from testCreateProductService--
]]></system-err>

  </testsuite>
  <testsuite errors="0" failures="0" hostname="dluksarin05871" id="2" name="ProductServiceTests" package="com.wm" tests="1" time="0.24" timestamp="2013-04-29T06:34:22">
      <properties />

      <testcase classname="com.wm.ProductServiceTests" name="testSomething" time="0.021" />

      <system-out><![CDATA[--Output from testSomething--
]]></system-out>

      <system-err><![CDATA[--Output from testSomething--
]]></system-err>

  </testsuite>
  <testsuite errors="0" failures="0" hostname="dluksarin05871" id="3" name="ProductTests" package="com.wm" tests="4" time="0.711" timestamp="2013-04-29T06:34:22">
      <properties />

      <testcase classname="com.wm.ProductTests" name="testProductCanHaveManyTradeObject" time="0.473" />

      <testcase classname="com.wm.ProductTests" name="testProductAttributes" time="0.021" />

      <testcase classname="com.wm.ProductTests" name="testProductRefcanNotbeBlank" time="0.131" />

      <testcase classname="com.wm.ProductTests" name="testProductTradedOverExchCanNothaveAmountZero" time="0.019" />

      <system-out><![CDATA[--Output from testProductCanHaveManyTradeObject--
--Output from testProductAttributes--
--Output from testProductRefcanNotbeBlank--
--Output from testProductTradedOverExchCanNothaveAmountZero--
]]></system-out>

      <system-err><![CDATA[--Output from testProductCanHaveManyTradeObject--
--Output from testProductAttributes--
--Output from testProductRefcanNotbeBlank--
--Output from testProductTradedOverExchCanNothaveAmountZero--
]]></system-err>

  </testsuite>
  <testsuite errors="0" failures="0" hostname="dluksarin05871" id="4" name="TradeTests" package="com.wm" tests="1" time="0.057" timestamp="2013-04-29T06:34:23">
      <properties />

      <testcase classname="com.wm.TradeTests" name="testSomething" time="0.055" />

      <system-out><![CDATA[--Output from testSomething--
]]></system-out>

      <system-err><![CDATA[--Output from testSomething--
]]></system-err>

  </testsuite>
</testsuites>
